2022/12/05 19:13:04 [notice] 1#1: using the "epoll" event method
2022/12/05 19:13:04 [notice] 1#1: nginx/1.23.2
2022/12/05 19:13:04 [notice] 1#1: built by gcc 11.2.1 20220219 (Alpine 11.2.1_git20220219) 
2022/12/05 19:13:04 [notice] 1#1: OS: Linux 5.13.0-52-generic
2022/12/05 19:13:04 [notice] 1#1: getrlimit(RLIMIT_NOFILE): 1048576:1048576
2022/12/05 19:13:04 [notice] 1#1: start worker processes
2022/12/05 19:13:04 [notice] 1#1: start worker process 30
2022/12/05 19:13:04 [notice] 1#1: start worker process 31
2022/12/05 19:13:04 [notice] 1#1: start worker process 32
2022/12/05 19:13:04 [notice] 1#1: start worker process 33
2022/12/05 19:13:04 [notice] 1#1: start worker process 34
2022/12/05 19:13:04 [notice] 1#1: start worker process 35
2022/12/05 19:13:04 [notice] 1#1: start worker process 36
2022/12/05 19:13:04 [notice] 1#1: start worker process 37
2022/12/05 19:13:04 [notice] 1#1: start worker process 38
2022/12/05 19:13:04 [notice] 1#1: start worker process 39
2022/12/05 19:13:04 [notice] 1#1: start worker process 40
2022/12/05 19:13:04 [notice] 1#1: start worker process 41
2022/12/05 19:14:46 [notice] 1#1: signal 3 (SIGQUIT) received, shutting down
2022/12/05 19:14:46 [notice] 30#30: gracefully shutting down
2022/12/05 19:14:46 [notice] 32#32: gracefully shutting down
2022/12/05 19:14:46 [notice] 31#31: gracefully shutting down
2022/12/05 19:14:46 [notice] 30#30: exiting
2022/12/05 19:14:46 [notice] 33#33: gracefully shutting down
2022/12/05 19:14:46 [notice] 35#35: gracefully shutting down
2022/12/05 19:14:46 [notice] 39#39: gracefully shutting down
2022/12/05 19:14:46 [notice] 32#32: exiting
2022/12/05 19:14:46 [notice] 40#40: gracefully shutting down
2022/12/05 19:14:46 [notice] 31#31: exiting
2022/12/05 19:14:46 [notice] 41#41: gracefully shutting down
2022/12/05 19:14:46 [notice] 37#37: gracefully shutting down
2022/12/05 19:14:46 [notice] 33#33: exiting
2022/12/05 19:14:46 [notice] 35#35: exiting
2022/12/05 19:14:46 [notice] 39#39: exiting
2022/12/05 19:14:46 [notice] 40#40: exiting
2022/12/05 19:14:46 [notice] 41#41: exiting
2022/12/05 19:14:46 [notice] 37#37: exiting
2022/12/05 19:14:46 [notice] 30#30: exit
2022/12/05 19:14:46 [notice] 32#32: exit
2022/12/05 19:14:46 [notice] 31#31: exit
2022/12/05 19:14:46 [notice] 35#35: exit
2022/12/05 19:14:46 [notice] 41#41: exit
2022/12/05 19:14:46 [notice] 40#40: exit
2022/12/05 19:14:46 [notice] 39#39: exit
2022/12/05 19:14:46 [notice] 37#37: exit
2022/12/05 19:14:46 [notice] 33#33: exit
2022/12/05 19:14:46 [notice] 34#34: gracefully shutting down
2022/12/05 19:14:46 [notice] 34#34: exiting
2022/12/05 19:14:46 [notice] 34#34: exit
2022/12/05 19:14:46 [notice] 36#36: gracefully shutting down
2022/12/05 19:14:46 [notice] 36#36: exiting
2022/12/05 19:14:46 [notice] 36#36: exit
2022/12/05 19:14:46 [notice] 38#38: gracefully shutting down
2022/12/05 19:14:46 [notice] 38#38: exiting
2022/12/05 19:14:46 [notice] 38#38: exit
2022/12/05 19:14:47 [notice] 1#1: signal 17 (SIGCHLD) received from 40
2022/12/05 19:14:47 [notice] 1#1: worker process 30 exited with code 0
2022/12/05 19:14:47 [notice] 1#1: worker process 31 exited with code 0
2022/12/05 19:14:47 [notice] 1#1: worker process 32 exited with code 0
2022/12/05 19:14:47 [notice] 1#1: worker process 34 exited with code 0
2022/12/05 19:14:47 [notice] 1#1: worker process 35 exited with code 0
2022/12/05 19:14:47 [notice] 1#1: worker process 36 exited with code 0
2022/12/05 19:14:47 [notice] 1#1: worker process 38 exited with code 0
2022/12/05 19:14:47 [notice] 1#1: worker process 40 exited with code 0
2022/12/05 19:14:47 [notice] 1#1: signal 29 (SIGIO) received
2022/12/05 19:14:47 [notice] 1#1: signal 17 (SIGCHLD) received from 31
2022/12/05 19:14:47 [notice] 1#1: signal 17 (SIGCHLD) received from 39
2022/12/05 19:14:47 [notice] 1#1: worker process 33 exited with code 0
2022/12/05 19:14:47 [notice] 1#1: worker process 37 exited with code 0
2022/12/05 19:14:47 [notice] 1#1: worker process 39 exited with code 0
2022/12/05 19:14:47 [notice] 1#1: signal 29 (SIGIO) received
2022/12/05 19:14:47 [notice] 1#1: signal 17 (SIGCHLD) received from 33
2022/12/05 19:14:47 [notice] 1#1: signal 17 (SIGCHLD) received from 41
2022/12/05 19:14:47 [notice] 1#1: worker process 41 exited with code 0
2022/12/05 19:14:47 [notice] 1#1: exit
2022/12/05 19:16:41 [notice] 1#1: using the "epoll" event method
2022/12/05 19:16:41 [notice] 1#1: nginx/1.23.2
2022/12/05 19:16:41 [notice] 1#1: built by gcc 11.2.1 20220219 (Alpine 11.2.1_git20220219) 
2022/12/05 19:16:41 [notice] 1#1: OS: Linux 5.13.0-52-generic
2022/12/05 19:16:41 [notice] 1#1: getrlimit(RLIMIT_NOFILE): 1048576:1048576
2022/12/05 19:16:41 [notice] 1#1: start worker processes
2022/12/05 19:16:41 [notice] 1#1: start worker process 29
2022/12/05 19:16:41 [notice] 1#1: start worker process 30
2022/12/05 19:16:41 [notice] 1#1: start worker process 31
2022/12/05 19:16:41 [notice] 1#1: start worker process 32
2022/12/05 19:16:41 [notice] 1#1: start worker process 33
2022/12/05 19:16:41 [notice] 1#1: start worker process 34
2022/12/05 19:16:41 [notice] 1#1: start worker process 35
2022/12/05 19:16:41 [notice] 1#1: start worker process 36
2022/12/05 19:16:41 [notice] 1#1: start worker process 37
2022/12/05 19:16:41 [notice] 1#1: start worker process 38
2022/12/05 19:16:41 [notice] 1#1: start worker process 39
2022/12/05 19:16:41 [notice] 1#1: start worker process 40
2022/12/05 19:18:25 [notice] 1#1: signal 3 (SIGQUIT) received, shutting down
2022/12/05 19:18:25 [notice] 33#33: gracefully shutting down
2022/12/05 19:18:25 [notice] 32#32: gracefully shutting down
2022/12/05 19:18:25 [notice] 35#35: gracefully shutting down
2022/12/05 19:18:25 [notice] 36#36: gracefully shutting down
2022/12/05 19:18:25 [notice] 34#34: gracefully shutting down
2022/12/05 19:18:25 [notice] 30#30: gracefully shutting down
2022/12/05 19:18:25 [notice] 33#33: exiting
2022/12/05 19:18:25 [notice] 32#32: exiting
2022/12/05 19:18:25 [notice] 29#29: gracefully shutting down
2022/12/05 19:18:25 [notice] 35#35: exiting
2022/12/05 19:18:25 [notice] 36#36: exiting
2022/12/05 19:18:25 [notice] 34#34: exiting
2022/12/05 19:18:25 [notice] 30#30: exiting
2022/12/05 19:18:25 [notice] 29#29: exiting
2022/12/05 19:18:25 [notice] 35#35: exit
2022/12/05 19:18:25 [notice] 36#36: exit
2022/12/05 19:18:25 [notice] 33#33: exit
2022/12/05 19:18:25 [notice] 29#29: exit
2022/12/05 19:18:25 [notice] 32#32: exit
2022/12/05 19:18:25 [notice] 30#30: exit
2022/12/05 19:18:25 [notice] 34#34: exit
2022/12/05 19:18:25 [notice] 31#31: gracefully shutting down
2022/12/05 19:18:25 [notice] 31#31: exiting
2022/12/05 19:18:25 [notice] 37#37: gracefully shutting down
2022/12/05 19:18:25 [notice] 37#37: exiting
2022/12/05 19:18:25 [notice] 40#40: gracefully shutting down
2022/12/05 19:18:25 [notice] 38#38: gracefully shutting down
2022/12/05 19:18:25 [notice] 40#40: exiting
2022/12/05 19:18:25 [notice] 38#38: exiting
2022/12/05 19:18:25 [notice] 31#31: exit
2022/12/05 19:18:25 [notice] 37#37: exit
2022/12/05 19:18:25 [notice] 38#38: exit
2022/12/05 19:18:25 [notice] 40#40: exit
2022/12/05 19:18:25 [notice] 39#39: gracefully shutting down
2022/12/05 19:18:25 [notice] 39#39: exiting
2022/12/05 19:18:25 [notice] 39#39: exit
2022/12/05 19:18:25 [notice] 1#1: signal 17 (SIGCHLD) received from 36
2022/12/05 19:18:25 [notice] 1#1: worker process 36 exited with code 0
2022/12/05 19:18:25 [notice] 1#1: signal 29 (SIGIO) received
2022/12/05 19:18:25 [notice] 1#1: signal 17 (SIGCHLD) received from 34
2022/12/05 19:18:25 [notice] 1#1: worker process 34 exited with code 0
2022/12/05 19:18:25 [notice] 1#1: signal 29 (SIGIO) received
2022/12/05 19:18:25 [notice] 1#1: signal 17 (SIGCHLD) received from 40
2022/12/05 19:18:25 [notice] 1#1: worker process 40 exited with code 0
2022/12/05 19:18:25 [notice] 1#1: signal 29 (SIGIO) received
2022/12/05 19:18:25 [notice] 1#1: signal 17 (SIGCHLD) received from 37
2022/12/05 19:18:25 [notice] 1#1: worker process 31 exited with code 0
2022/12/05 19:18:25 [notice] 1#1: worker process 32 exited with code 0
2022/12/05 19:18:25 [notice] 1#1: worker process 29 exited with code 0
2022/12/05 19:18:25 [notice] 1#1: worker process 33 exited with code 0
2022/12/05 19:18:25 [notice] 1#1: worker process 35 exited with code 0
2022/12/05 19:18:25 [notice] 1#1: worker process 37 exited with code 0
2022/12/05 19:18:25 [notice] 1#1: worker process 38 exited with code 0
2022/12/05 19:18:25 [notice] 1#1: worker process 39 exited with code 0
2022/12/05 19:18:25 [notice] 1#1: signal 29 (SIGIO) received
2022/12/05 19:18:25 [notice] 1#1: signal 17 (SIGCHLD) received from 38
2022/12/05 19:18:25 [notice] 1#1: signal 17 (SIGCHLD) received from 30
2022/12/05 19:18:25 [notice] 1#1: worker process 30 exited with code 0
2022/12/05 19:18:25 [notice] 1#1: exit
2022/12/05 19:18:32 [notice] 1#1: using the "epoll" event method
2022/12/05 19:18:32 [notice] 1#1: nginx/1.23.2
2022/12/05 19:18:32 [notice] 1#1: built by gcc 11.2.1 20220219 (Alpine 11.2.1_git20220219) 
2022/12/05 19:18:32 [notice] 1#1: OS: Linux 5.13.0-52-generic
2022/12/05 19:18:32 [notice] 1#1: getrlimit(RLIMIT_NOFILE): 1048576:1048576
2022/12/05 19:18:32 [notice] 1#1: start worker processes
2022/12/05 19:18:32 [notice] 1#1: start worker process 29
2022/12/05 19:18:32 [notice] 1#1: start worker process 30
2022/12/05 19:18:32 [notice] 1#1: start worker process 31
2022/12/05 19:18:32 [notice] 1#1: start worker process 32
2022/12/05 19:18:32 [notice] 1#1: start worker process 33
2022/12/05 19:18:32 [notice] 1#1: start worker process 34
2022/12/05 19:18:32 [notice] 1#1: start worker process 35
2022/12/05 19:18:32 [notice] 1#1: start worker process 36
2022/12/05 19:18:32 [notice] 1#1: start worker process 37
2022/12/05 19:18:32 [notice] 1#1: start worker process 38
2022/12/05 19:18:32 [notice] 1#1: start worker process 39
2022/12/05 19:18:32 [notice] 1#1: start worker process 40
2022/12/05 19:21:32 [notice] 1#1: signal 3 (SIGQUIT) received, shutting down
2022/12/05 19:21:32 [notice] 30#30: gracefully shutting down
2022/12/05 19:21:32 [notice] 31#31: gracefully shutting down
2022/12/05 19:21:32 [notice] 32#32: gracefully shutting down
2022/12/05 19:21:32 [notice] 29#29: gracefully shutting down
2022/12/05 19:21:32 [notice] 30#30: exiting
2022/12/05 19:21:32 [notice] 33#33: gracefully shutting down
2022/12/05 19:21:32 [notice] 31#31: exiting
2022/12/05 19:21:32 [notice] 32#32: exiting
2022/12/05 19:21:32 [notice] 29#29: exiting
2022/12/05 19:21:32 [notice] 39#39: gracefully shutting down
2022/12/05 19:21:32 [notice] 35#35: gracefully shutting down
2022/12/05 19:21:32 [notice] 37#37: gracefully shutting down
2022/12/05 19:21:32 [notice] 33#33: exiting
2022/12/05 19:21:32 [notice] 39#39: exiting
2022/12/05 19:21:32 [notice] 35#35: exiting
2022/12/05 19:21:32 [notice] 37#37: exiting
2022/12/05 19:21:32 [notice] 34#34: gracefully shutting down
2022/12/05 19:21:32 [notice] 31#31: exit
2022/12/05 19:21:32 [notice] 30#30: exit
2022/12/05 19:21:32 [notice] 32#32: exit
2022/12/05 19:21:32 [notice] 34#34: exiting
2022/12/05 19:21:32 [notice] 39#39: exit
2022/12/05 19:21:32 [notice] 29#29: exit
2022/12/05 19:21:32 [notice] 35#35: exit
2022/12/05 19:21:32 [notice] 33#33: exit
2022/12/05 19:21:32 [notice] 37#37: exit
2022/12/05 19:21:32 [notice] 34#34: exit
2022/12/05 19:21:32 [notice] 40#40: gracefully shutting down
2022/12/05 19:21:32 [notice] 36#36: gracefully shutting down
2022/12/05 19:21:32 [notice] 38#38: gracefully shutting down
2022/12/05 19:21:32 [notice] 40#40: exiting
2022/12/05 19:21:32 [notice] 36#36: exiting
2022/12/05 19:21:32 [notice] 38#38: exiting
2022/12/05 19:21:32 [notice] 40#40: exit
2022/12/05 19:21:32 [notice] 38#38: exit
2022/12/05 19:21:32 [notice] 36#36: exit
2022/12/05 19:21:33 [notice] 1#1: signal 17 (SIGCHLD) received from 35
2022/12/05 19:21:33 [notice] 1#1: worker process 35 exited with code 0
2022/12/05 19:21:33 [notice] 1#1: signal 29 (SIGIO) received
2022/12/05 19:21:33 [notice] 1#1: signal 17 (SIGCHLD) received from 32
2022/12/05 19:21:33 [notice] 1#1: worker process 32 exited with code 0
2022/12/05 19:21:33 [notice] 1#1: worker process 36 exited with code 0
2022/12/05 19:21:33 [notice] 1#1: worker process 39 exited with code 0
2022/12/05 19:21:33 [notice] 1#1: worker process 38 exited with code 0
2022/12/05 19:21:33 [notice] 1#1: signal 29 (SIGIO) received
2022/12/05 19:21:33 [notice] 1#1: signal 17 (SIGCHLD) received from 39
2022/12/05 19:21:33 [notice] 1#1: worker process 33 exited with code 0
2022/12/05 19:21:33 [notice] 1#1: worker process 31 exited with code 0
2022/12/05 19:21:33 [notice] 1#1: worker process 34 exited with code 0
2022/12/05 19:21:33 [notice] 1#1: signal 29 (SIGIO) received
2022/12/05 19:21:33 [notice] 1#1: signal 17 (SIGCHLD) received from 33
2022/12/05 19:21:33 [notice] 1#1: signal 17 (SIGCHLD) received from 40
2022/12/05 19:21:33 [notice] 1#1: worker process 40 exited with code 0
2022/12/05 19:21:33 [notice] 1#1: signal 29 (SIGIO) received
2022/12/05 19:21:33 [notice] 1#1: signal 17 (SIGCHLD) received from 30
2022/12/05 19:21:33 [notice] 1#1: worker process 29 exited with code 0
2022/12/05 19:21:33 [notice] 1#1: worker process 30 exited with code 0
2022/12/05 19:21:33 [notice] 1#1: signal 29 (SIGIO) received
2022/12/05 19:21:33 [notice] 1#1: signal 17 (SIGCHLD) received from 29
2022/12/05 19:21:33 [notice] 1#1: signal 17 (SIGCHLD) received from 37
2022/12/05 19:21:33 [notice] 1#1: worker process 37 exited with code 0
2022/12/05 19:21:33 [notice] 1#1: exit
2022/12/05 19:23:42 [notice] 1#1: using the "epoll" event method
2022/12/05 19:23:42 [notice] 1#1: nginx/1.23.2
2022/12/05 19:23:42 [notice] 1#1: built by gcc 11.2.1 20220219 (Alpine 11.2.1_git20220219) 
2022/12/05 19:23:42 [notice] 1#1: OS: Linux 5.13.0-52-generic
2022/12/05 19:23:42 [notice] 1#1: getrlimit(RLIMIT_NOFILE): 1048576:1048576
2022/12/05 19:23:42 [notice] 1#1: start worker processes
2022/12/05 19:23:42 [notice] 1#1: start worker process 30
2022/12/05 19:23:42 [notice] 1#1: start worker process 31
2022/12/05 19:23:42 [notice] 1#1: start worker process 32
2022/12/05 19:23:42 [notice] 1#1: start worker process 33
2022/12/05 19:23:42 [notice] 1#1: start worker process 34
2022/12/05 19:23:42 [notice] 1#1: start worker process 35
2022/12/05 19:23:42 [notice] 1#1: start worker process 36
2022/12/05 19:23:42 [notice] 1#1: start worker process 37
2022/12/05 19:23:42 [notice] 1#1: start worker process 38
2022/12/05 19:23:42 [notice] 1#1: start worker process 39
2022/12/05 19:23:42 [notice] 1#1: start worker process 40
2022/12/05 19:23:42 [notice] 1#1: start worker process 41
2022/12/05 19:25:56 [notice] 1#1: signal 3 (SIGQUIT) received, shutting down
2022/12/05 19:25:56 [notice] 30#30: gracefully shutting down
2022/12/05 19:25:56 [notice] 31#31: gracefully shutting down
2022/12/05 19:25:56 [notice] 33#33: gracefully shutting down
2022/12/05 19:25:56 [notice] 32#32: gracefully shutting down
2022/12/05 19:25:56 [notice] 35#35: gracefully shutting down
2022/12/05 19:25:56 [notice] 34#34: gracefully shutting down
2022/12/05 19:25:56 [notice] 36#36: gracefully shutting down
2022/12/05 19:25:56 [notice] 37#37: gracefully shutting down
2022/12/05 19:25:56 [notice] 30#30: exiting
2022/12/05 19:25:56 [notice] 36#36: exiting
2022/12/05 19:25:56 [notice] 38#38: gracefully shutting down
2022/12/05 19:25:56 [notice] 31#31: exiting
2022/12/05 19:25:56 [notice] 40#40: gracefully shutting down
2022/12/05 19:25:56 [notice] 33#33: exiting
2022/12/05 19:25:56 [notice] 41#41: gracefully shutting down
2022/12/05 19:25:56 [notice] 32#32: exiting
2022/12/05 19:25:56 [notice] 35#35: exiting
2022/12/05 19:25:56 [notice] 34#34: exiting
2022/12/05 19:25:56 [notice] 37#37: exiting
2022/12/05 19:25:56 [notice] 38#38: exiting
2022/12/05 19:25:56 [notice] 40#40: exiting
2022/12/05 19:25:56 [notice] 41#41: exiting
2022/12/05 19:25:56 [notice] 36#36: exit
2022/12/05 19:25:56 [notice] 32#32: exit
2022/12/05 19:25:56 [notice] 30#30: exit
2022/12/05 19:25:56 [notice] 31#31: exit
2022/12/05 19:25:56 [notice] 41#41: exit
2022/12/05 19:25:56 [notice] 33#33: exit
2022/12/05 19:25:56 [notice] 35#35: exit
2022/12/05 19:25:56 [notice] 34#34: exit
2022/12/05 19:25:56 [notice] 40#40: exit
2022/12/05 19:25:56 [notice] 38#38: exit
2022/12/05 19:25:56 [notice] 37#37: exit
2022/12/05 19:25:56 [notice] 39#39: gracefully shutting down
2022/12/05 19:25:56 [notice] 39#39: exiting
2022/12/05 19:25:56 [notice] 39#39: exit
2022/12/05 19:25:56 [notice] 1#1: signal 17 (SIGCHLD) received from 40
2022/12/05 19:25:56 [notice] 1#1: worker process 37 exited with code 0
2022/12/05 19:25:56 [notice] 1#1: worker process 38 exited with code 0
2022/12/05 19:25:56 [notice] 1#1: worker process 33 exited with code 0
2022/12/05 19:25:56 [notice] 1#1: worker process 40 exited with code 0
2022/12/05 19:25:56 [notice] 1#1: worker process 41 exited with code 0
2022/12/05 19:25:56 [notice] 1#1: signal 29 (SIGIO) received
2022/12/05 19:25:56 [notice] 1#1: signal 17 (SIGCHLD) received from 37
2022/12/05 19:25:56 [notice] 1#1: signal 17 (SIGCHLD) received from 34
2022/12/05 19:25:56 [notice] 1#1: worker process 34 exited with code 0
2022/12/05 19:25:56 [notice] 1#1: signal 29 (SIGIO) received
2022/12/05 19:25:56 [notice] 1#1: signal 17 (SIGCHLD) received from 32
2022/12/05 19:25:56 [notice] 1#1: worker process 31 exited with code 0
2022/12/05 19:25:56 [notice] 1#1: worker process 32 exited with code 0
2022/12/05 19:25:56 [notice] 1#1: worker process 30 exited with code 0
2022/12/05 19:25:56 [notice] 1#1: worker process 35 exited with code 0
2022/12/05 19:25:56 [notice] 1#1: signal 29 (SIGIO) received
2022/12/05 19:25:56 [notice] 1#1: signal 17 (SIGCHLD) received from 30
2022/12/05 19:25:56 [notice] 1#1: signal 17 (SIGCHLD) received from 39
2022/12/05 19:25:56 [notice] 1#1: worker process 39 exited with code 0
2022/12/05 19:25:56 [notice] 1#1: signal 29 (SIGIO) received
2022/12/05 19:25:56 [notice] 1#1: signal 17 (SIGCHLD) received from 36
2022/12/05 19:25:56 [notice] 1#1: worker process 36 exited with code 0
2022/12/05 19:25:56 [notice] 1#1: exit
2022/12/05 19:26:46 [notice] 1#1: using the "epoll" event method
2022/12/05 19:26:46 [notice] 1#1: nginx/1.23.2
2022/12/05 19:26:46 [notice] 1#1: built by gcc 11.2.1 20220219 (Alpine 11.2.1_git20220219) 
2022/12/05 19:26:46 [notice] 1#1: OS: Linux 5.13.0-52-generic
2022/12/05 19:26:46 [notice] 1#1: getrlimit(RLIMIT_NOFILE): 1048576:1048576
2022/12/05 19:26:46 [notice] 1#1: start worker processes
2022/12/05 19:26:46 [notice] 1#1: start worker process 29
2022/12/05 19:26:46 [notice] 1#1: start worker process 30
2022/12/05 19:26:46 [notice] 1#1: start worker process 31
2022/12/05 19:26:46 [notice] 1#1: start worker process 32
2022/12/05 19:26:46 [notice] 1#1: start worker process 33
2022/12/05 19:26:46 [notice] 1#1: start worker process 34
2022/12/05 19:26:46 [notice] 1#1: start worker process 35
2022/12/05 19:26:46 [notice] 1#1: start worker process 36
2022/12/05 19:26:46 [notice] 1#1: start worker process 37
2022/12/05 19:26:46 [notice] 1#1: start worker process 38
2022/12/05 19:26:46 [notice] 1#1: start worker process 39
2022/12/05 19:26:46 [notice] 1#1: start worker process 40
2022/12/05 19:28:37 [notice] 1#1: signal 3 (SIGQUIT) received, shutting down
2022/12/05 19:28:37 [notice] 32#32: gracefully shutting down
2022/12/05 19:28:37 [notice] 29#29: gracefully shutting down
2022/12/05 19:28:37 [notice] 33#33: gracefully shutting down
2022/12/05 19:28:37 [notice] 30#30: gracefully shutting down
2022/12/05 19:28:37 [notice] 31#31: gracefully shutting down
2022/12/05 19:28:37 [notice] 38#38: gracefully shutting down
2022/12/05 19:28:37 [notice] 33#33: exiting
2022/12/05 19:28:37 [notice] 39#39: gracefully shutting down
2022/12/05 19:28:37 [notice] 35#35: gracefully shutting down
2022/12/05 19:28:37 [notice] 30#30: exiting
2022/12/05 19:28:37 [notice] 31#31: exiting
2022/12/05 19:28:37 [notice] 38#38: exiting
2022/12/05 19:28:37 [notice] 39#39: exiting
2022/12/05 19:28:37 [notice] 40#40: gracefully shutting down
2022/12/05 19:28:37 [notice] 32#32: exiting
2022/12/05 19:28:37 [notice] 35#35: exiting
2022/12/05 19:28:37 [notice] 40#40: exiting
2022/12/05 19:28:37 [notice] 33#33: exit
2022/12/05 19:28:37 [notice] 32#32: exit
2022/12/05 19:28:37 [notice] 39#39: exit
2022/12/05 19:28:37 [notice] 38#38: exit
2022/12/05 19:28:37 [notice] 35#35: exit
2022/12/05 19:28:37 [notice] 40#40: exit
2022/12/05 19:28:37 [notice] 31#31: exit
2022/12/05 19:28:37 [notice] 30#30: exit
2022/12/05 19:28:37 [notice] 34#34: gracefully shutting down
2022/12/05 19:28:37 [notice] 34#34: exiting
2022/12/05 19:28:37 [notice] 34#34: exit
2022/12/05 19:28:37 [notice] 37#37: gracefully shutting down
2022/12/05 19:28:37 [notice] 36#36: gracefully shutting down
2022/12/05 19:28:37 [notice] 37#37: exiting
2022/12/05 19:28:37 [notice] 36#36: exiting
2022/12/05 19:28:37 [notice] 36#36: exit
2022/12/05 19:28:37 [notice] 37#37: exit
2022/12/05 19:28:37 [notice] 1#1: signal 17 (SIGCHLD) received from 35
2022/12/05 19:28:37 [notice] 1#1: worker process 35 exited with code 0
2022/12/05 19:28:37 [notice] 1#1: signal 29 (SIGIO) received
2022/12/05 19:28:37 [notice] 1#1: signal 17 (SIGCHLD) received from 36
2022/12/05 19:28:37 [notice] 1#1: worker process 36 exited with code 0
2022/12/05 19:28:37 [notice] 1#1: worker process 37 exited with code 0
2022/12/05 19:28:37 [notice] 1#1: signal 17 (SIGCHLD) received from 38
2022/12/05 19:28:37 [notice] 1#1: worker process 32 exited with code 0
2022/12/05 19:28:37 [notice] 1#1: worker process 33 exited with code 0
2022/12/05 19:28:37 [notice] 1#1: worker process 38 exited with code 0
2022/12/05 19:28:37 [notice] 1#1: worker process 34 exited with code 0
2022/12/05 19:28:37 [notice] 1#1: worker process 39 exited with code 0
2022/12/05 19:28:37 [notice] 1#1: worker process 40 exited with code 0
2022/12/05 19:28:37 [notice] 1#1: signal 17 (SIGCHLD) received from 33
2022/12/05 19:28:37 [notice] 1#1: signal 29 (SIGIO) received
2022/12/05 19:28:37 [notice] 1#1: signal 29 (SIGIO) received
2022/12/05 19:28:37 [notice] 1#1: signal 17 (SIGCHLD) received from 30
2022/12/05 19:28:37 [notice] 1#1: worker process 30 exited with code 0
2022/12/05 19:28:37 [notice] 1#1: signal 29 (SIGIO) received
2022/12/05 19:28:37 [notice] 1#1: signal 17 (SIGCHLD) received from 31
2022/12/05 19:28:37 [notice] 1#1: worker process 31 exited with code 0
2022/12/05 19:28:37 [notice] 1#1: signal 29 (SIGIO) received
2022/12/05 19:29:23 [notice] 1#1: using the "epoll" event method
2022/12/05 19:29:23 [notice] 1#1: nginx/1.23.2
2022/12/05 19:29:23 [notice] 1#1: built by gcc 11.2.1 20220219 (Alpine 11.2.1_git20220219) 
2022/12/05 19:29:23 [notice] 1#1: OS: Linux 5.13.0-52-generic
2022/12/05 19:29:23 [notice] 1#1: getrlimit(RLIMIT_NOFILE): 1048576:1048576
2022/12/05 19:29:23 [notice] 1#1: start worker processes
2022/12/05 19:29:23 [notice] 1#1: start worker process 29
2022/12/05 19:29:23 [notice] 1#1: start worker process 30
2022/12/05 19:29:23 [notice] 1#1: start worker process 31
2022/12/05 19:29:23 [notice] 1#1: start worker process 32
2022/12/05 19:29:23 [notice] 1#1: start worker process 33
2022/12/05 19:29:23 [notice] 1#1: start worker process 34
2022/12/05 19:29:23 [notice] 1#1: start worker process 35
2022/12/05 19:29:23 [notice] 1#1: start worker process 36
2022/12/05 19:29:23 [notice] 1#1: start worker process 37
2022/12/05 19:29:23 [notice] 1#1: start worker process 38
2022/12/05 19:29:23 [notice] 1#1: start worker process 39
2022/12/05 19:29:23 [notice] 1#1: start worker process 40
2022/12/05 19:32:35 [notice] 1#1: signal 3 (SIGQUIT) received, shutting down
2022/12/05 19:32:35 [notice] 29#29: gracefully shutting down
2022/12/05 19:32:35 [notice] 29#29: exiting
2022/12/05 19:32:35 [notice] 31#31: gracefully shutting down
2022/12/05 19:32:35 [notice] 33#33: gracefully shutting down
2022/12/05 19:32:35 [notice] 34#34: gracefully shutting down
2022/12/05 19:32:35 [notice] 35#35: gracefully shutting down
2022/12/05 19:32:35 [notice] 31#31: exiting
2022/12/05 19:32:35 [notice] 33#33: exiting
2022/12/05 19:32:35 [notice] 34#34: exiting
2022/12/05 19:32:35 [notice] 35#35: exiting
2022/12/05 19:32:35 [notice] 32#32: gracefully shutting down
2022/12/05 19:32:35 [notice] 32#32: exiting
2022/12/05 19:32:35 [notice] 29#29: exit
2022/12/05 19:32:35 [notice] 33#33: exit
2022/12/05 19:32:35 [notice] 34#34: exit
2022/12/05 19:32:35 [notice] 35#35: exit
2022/12/05 19:32:35 [notice] 31#31: exit
2022/12/05 19:32:35 [notice] 32#32: exit
2022/12/05 19:32:35 [notice] 37#37: gracefully shutting down
2022/12/05 19:32:35 [notice] 37#37: exiting
2022/12/05 19:32:35 [notice] 37#37: exit
2022/12/05 19:32:35 [notice] 30#30: gracefully shutting down
2022/12/05 19:32:35 [notice] 30#30: exiting
2022/12/05 19:32:35 [notice] 30#30: exit
2022/12/05 19:32:35 [notice] 36#36: gracefully shutting down
2022/12/05 19:32:35 [notice] 36#36: exiting
2022/12/05 19:32:35 [notice] 38#38: gracefully shutting down
2022/12/05 19:32:35 [notice] 38#38: exiting
2022/12/05 19:32:35 [notice] 36#36: exit
2022/12/05 19:32:35 [notice] 38#38: exit
2022/12/05 19:32:35 [notice] 39#39: gracefully shutting down
2022/12/05 19:32:35 [notice] 39#39: exiting
2022/12/05 19:32:35 [notice] 39#39: exit
2022/12/05 19:32:35 [notice] 40#40: gracefully shutting down
2022/12/05 19:32:35 [notice] 40#40: exiting
2022/12/05 19:32:35 [notice] 40#40: exit
2022/12/05 19:32:35 [notice] 1#1: signal 17 (SIGCHLD) received from 37
2022/12/05 19:32:35 [notice] 1#1: worker process 29 exited with code 0
2022/12/05 19:32:35 [notice] 1#1: worker process 33 exited with code 0
2022/12/05 19:32:35 [notice] 1#1: worker process 37 exited with code 0
2022/12/05 19:32:35 [notice] 1#1: signal 29 (SIGIO) received
2022/12/05 19:32:35 [notice] 1#1: signal 17 (SIGCHLD) received from 29
2022/12/05 19:32:35 [notice] 1#1: worker process 31 exited with code 0
2022/12/05 19:32:35 [notice] 1#1: worker process 34 exited with code 0
2022/12/05 19:32:35 [notice] 1#1: signal 29 (SIGIO) received
2022/12/05 19:32:35 [notice] 1#1: signal 17 (SIGCHLD) received from 35
2022/12/05 19:32:35 [notice] 1#1: worker process 35 exited with code 0
2022/12/05 19:32:35 [notice] 1#1: worker process 40 exited with code 0
2022/12/05 19:32:35 [notice] 1#1: signal 29 (SIGIO) received
2022/12/05 19:32:35 [notice] 1#1: signal 17 (SIGCHLD) received from 40
2022/12/05 19:32:35 [notice] 1#1: worker process 32 exited with code 0
2022/12/05 19:32:35 [notice] 1#1: worker process 36 exited with code 0
2022/12/05 19:32:35 [notice] 1#1: worker process 38 exited with code 0
2022/12/05 19:32:35 [notice] 1#1: worker process 39 exited with code 0
2022/12/05 19:32:35 [notice] 1#1: worker process 30 exited with code 0
2022/12/05 19:32:35 [notice] 1#1: exit
2022/12/05 19:32:58 [notice] 1#1: using the "epoll" event method
2022/12/05 19:32:58 [notice] 1#1: nginx/1.23.2
2022/12/05 19:32:58 [notice] 1#1: built by gcc 11.2.1 20220219 (Alpine 11.2.1_git20220219) 
2022/12/05 19:32:58 [notice] 1#1: OS: Linux 5.13.0-52-generic
2022/12/05 19:32:58 [notice] 1#1: getrlimit(RLIMIT_NOFILE): 1048576:1048576
2022/12/05 19:32:58 [notice] 1#1: start worker processes
2022/12/05 19:32:58 [notice] 1#1: start worker process 29
2022/12/05 19:32:58 [notice] 1#1: start worker process 30
2022/12/05 19:32:58 [notice] 1#1: start worker process 31
2022/12/05 19:32:58 [notice] 1#1: start worker process 32
2022/12/05 19:32:58 [notice] 1#1: start worker process 33
2022/12/05 19:32:58 [notice] 1#1: start worker process 34
2022/12/05 19:32:58 [notice] 1#1: start worker process 35
2022/12/05 19:32:58 [notice] 1#1: start worker process 36
2022/12/05 19:32:58 [notice] 1#1: start worker process 37
2022/12/05 19:32:58 [notice] 1#1: start worker process 38
2022/12/05 19:32:58 [notice] 1#1: start worker process 39
2022/12/05 19:32:58 [notice] 1#1: start worker process 40
2022/12/05 19:38:19 [notice] 1#1: signal 3 (SIGQUIT) received, shutting down
2022/12/05 19:38:19 [notice] 29#29: gracefully shutting down
2022/12/05 19:38:19 [notice] 32#32: gracefully shutting down
2022/12/05 19:38:19 [notice] 29#29: exiting
2022/12/05 19:38:19 [notice] 31#31: gracefully shutting down
2022/12/05 19:38:19 [notice] 32#32: exiting
2022/12/05 19:38:19 [notice] 35#35: gracefully shutting down
2022/12/05 19:38:19 [notice] 38#38: gracefully shutting down
2022/12/05 19:38:19 [notice] 31#31: exiting
2022/12/05 19:38:19 [notice] 37#37: gracefully shutting down
2022/12/05 19:38:19 [notice] 35#35: exiting
2022/12/05 19:38:19 [notice] 38#38: exiting
2022/12/05 19:38:19 [notice] 37#37: exiting
2022/12/05 19:38:19 [notice] 29#29: exit
2022/12/05 19:38:19 [notice] 32#32: exit
2022/12/05 19:38:19 [notice] 38#38: exit
2022/12/05 19:38:19 [notice] 35#35: exit
2022/12/05 19:38:19 [notice] 31#31: exit
2022/12/05 19:38:19 [notice] 37#37: exit
2022/12/05 19:38:19 [notice] 33#33: gracefully shutting down
2022/12/05 19:38:19 [notice] 33#33: exiting
2022/12/05 19:38:19 [notice] 34#34: gracefully shutting down
2022/12/05 19:38:19 [notice] 30#30: gracefully shutting down
2022/12/05 19:38:19 [notice] 34#34: exiting
2022/12/05 19:38:19 [notice] 33#33: exit
2022/12/05 19:38:19 [notice] 30#30: exiting
2022/12/05 19:38:19 [notice] 34#34: exit
2022/12/05 19:38:19 [notice] 30#30: exit
2022/12/05 19:38:19 [notice] 40#40: gracefully shutting down
2022/12/05 19:38:19 [notice] 40#40: exiting
2022/12/05 19:38:19 [notice] 40#40: exit
2022/12/05 19:38:19 [notice] 39#39: gracefully shutting down
2022/12/05 19:38:19 [notice] 39#39: exiting
2022/12/05 19:38:19 [notice] 39#39: exit
2022/12/05 19:38:19 [notice] 36#36: gracefully shutting down
2022/12/05 19:38:19 [notice] 36#36: exiting
2022/12/05 19:38:19 [notice] 36#36: exit
2022/12/05 19:38:19 [notice] 1#1: signal 17 (SIGCHLD) received from 32
2022/12/05 19:38:19 [notice] 1#1: worker process 32 exited with code 0
2022/12/05 19:38:19 [notice] 1#1: signal 29 (SIGIO) received
2022/12/05 19:38:19 [notice] 1#1: signal 17 (SIGCHLD) received from 34
2022/12/05 19:38:19 [notice] 1#1: worker process 29 exited with code 0
2022/12/05 19:38:19 [notice] 1#1: worker process 33 exited with code 0
2022/12/05 19:38:19 [notice] 1#1: worker process 34 exited with code 0
2022/12/05 19:38:19 [notice] 1#1: worker process 35 exited with code 0
2022/12/05 19:38:19 [notice] 1#1: worker process 36 exited with code 0
2022/12/05 19:38:19 [notice] 1#1: worker process 37 exited with code 0
2022/12/05 19:38:19 [notice] 1#1: worker process 39 exited with code 0
2022/12/05 19:38:19 [notice] 1#1: worker process 40 exited with code 0
2022/12/05 19:38:19 [notice] 1#1: signal 29 (SIGIO) received
2022/12/05 19:38:19 [notice] 1#1: signal 17 (SIGCHLD) received from 33
2022/12/05 19:38:19 [notice] 1#1: signal 17 (SIGCHLD) received from 31
2022/12/05 19:38:19 [notice] 1#1: worker process 31 exited with code 0
2022/12/05 19:38:19 [notice] 1#1: worker process 38 exited with code 0
2022/12/05 19:38:19 [notice] 1#1: signal 17 (SIGCHLD) received from 30
2022/12/05 19:38:19 [notice] 1#1: worker process 30 exited with code 0
2022/12/05 19:38:19 [notice] 1#1: exit
2022/12/05 19:40:45 [notice] 1#1: using the "epoll" event method
2022/12/05 19:40:45 [notice] 1#1: nginx/1.23.2
2022/12/05 19:40:45 [notice] 1#1: built by gcc 11.2.1 20220219 (Alpine 11.2.1_git20220219) 
2022/12/05 19:40:45 [notice] 1#1: OS: Linux 5.13.0-52-generic
2022/12/05 19:40:45 [notice] 1#1: getrlimit(RLIMIT_NOFILE): 1048576:1048576
2022/12/05 19:40:45 [notice] 1#1: start worker processes
2022/12/05 19:40:45 [notice] 1#1: start worker process 29
2022/12/05 19:40:45 [notice] 1#1: start worker process 30
2022/12/05 19:40:45 [notice] 1#1: start worker process 31
2022/12/05 19:40:45 [notice] 1#1: start worker process 32
2022/12/05 19:40:45 [notice] 1#1: start worker process 33
2022/12/05 19:40:45 [notice] 1#1: start worker process 34
2022/12/05 19:40:45 [notice] 1#1: start worker process 35
2022/12/05 19:40:45 [notice] 1#1: start worker process 36
2022/12/05 19:40:45 [notice] 1#1: start worker process 37
2022/12/05 19:40:45 [notice] 1#1: start worker process 38
2022/12/05 19:40:45 [notice] 1#1: start worker process 39
2022/12/05 19:40:45 [notice] 1#1: start worker process 40
2022/12/05 19:42:55 [notice] 1#1: signal 3 (SIGQUIT) received, shutting down
2022/12/05 19:42:55 [notice] 29#29: gracefully shutting down
2022/12/05 19:42:55 [notice] 30#30: gracefully shutting down
2022/12/05 19:42:55 [notice] 29#29: exiting
2022/12/05 19:42:55 [notice] 31#31: gracefully shutting down
2022/12/05 19:42:55 [notice] 30#30: exiting
2022/12/05 19:42:55 [notice] 32#32: gracefully shutting down
2022/12/05 19:42:55 [notice] 31#31: exiting
2022/12/05 19:42:55 [notice] 34#34: gracefully shutting down
2022/12/05 19:42:55 [notice] 33#33: gracefully shutting down
2022/12/05 19:42:55 [notice] 32#32: exiting
2022/12/05 19:42:55 [notice] 39#39: gracefully shutting down
2022/12/05 19:42:55 [notice] 37#37: gracefully shutting down
2022/12/05 19:42:55 [notice] 36#36: gracefully shutting down
2022/12/05 19:42:55 [notice] 34#34: exiting
2022/12/05 19:42:55 [notice] 40#40: gracefully shutting down
2022/12/05 19:42:55 [notice] 33#33: exiting
2022/12/05 19:42:55 [notice] 39#39: exiting
2022/12/05 19:42:55 [notice] 29#29: exit
2022/12/05 19:42:55 [notice] 30#30: exit
2022/12/05 19:42:55 [notice] 31#31: exit
2022/12/05 19:42:55 [notice] 37#37: exiting
2022/12/05 19:42:55 [notice] 36#36: exiting
2022/12/05 19:42:55 [notice] 32#32: exit
2022/12/05 19:42:55 [notice] 40#40: exiting
2022/12/05 19:42:55 [notice] 34#34: exit
2022/12/05 19:42:55 [notice] 33#33: exit
2022/12/05 19:42:55 [notice] 39#39: exit
2022/12/05 19:42:55 [notice] 40#40: exit
2022/12/05 19:42:55 [notice] 36#36: exit
2022/12/05 19:42:55 [notice] 37#37: exit
2022/12/05 19:42:55 [notice] 35#35: gracefully shutting down
2022/12/05 19:42:55 [notice] 35#35: exiting
2022/12/05 19:42:55 [notice] 35#35: exit
2022/12/05 19:42:55 [notice] 38#38: gracefully shutting down
2022/12/05 19:42:55 [notice] 38#38: exiting
2022/12/05 19:42:55 [notice] 38#38: exit
2022/12/05 19:42:55 [notice] 1#1: signal 17 (SIGCHLD) received from 38
2022/12/05 19:42:55 [notice] 1#1: worker process 29 exited with code 0
2022/12/05 19:42:55 [notice] 1#1: worker process 38 exited with code 0
2022/12/05 19:42:55 [notice] 1#1: signal 29 (SIGIO) received
2022/12/05 19:42:55 [notice] 1#1: signal 17 (SIGCHLD) received from 29
2022/12/05 19:42:55 [notice] 1#1: signal 17 (SIGCHLD) received from 30
2022/12/05 19:42:55 [notice] 1#1: worker process 30 exited with code 0
2022/12/05 19:42:55 [notice] 1#1: signal 29 (SIGIO) received
2022/12/05 19:42:55 [notice] 1#1: signal 17 (SIGCHLD) received from 32
2022/12/05 19:42:55 [notice] 1#1: worker process 32 exited with code 0
2022/12/05 19:42:55 [notice] 1#1: signal 29 (SIGIO) received
2022/12/05 19:42:55 [notice] 1#1: signal 17 (SIGCHLD) received from 31
2022/12/05 19:42:55 [notice] 1#1: worker process 31 exited with code 0
2022/12/05 19:42:55 [notice] 1#1: signal 29 (SIGIO) received
2022/12/05 19:42:55 [notice] 1#1: signal 17 (SIGCHLD) received from 40
2022/12/05 19:42:55 [notice] 1#1: worker process 33 exited with code 0
2022/12/05 19:42:55 [notice] 1#1: worker process 40 exited with code 0
2022/12/05 19:42:55 [notice] 1#1: signal 29 (SIGIO) received
2022/12/05 19:42:55 [notice] 1#1: signal 17 (SIGCHLD) received from 35
2022/12/05 19:42:55 [notice] 1#1: worker process 35 exited with code 0
2022/12/05 19:42:55 [notice] 1#1: worker process 37 exited with code 0
2022/12/05 19:42:55 [notice] 1#1: signal 29 (SIGIO) received
2022/12/05 19:42:55 [notice] 1#1: signal 17 (SIGCHLD) received from 37
2022/12/05 19:42:55 [notice] 1#1: worker process 34 exited with code 0
2022/12/05 19:42:55 [notice] 1#1: worker process 36 exited with code 0
2022/12/05 19:42:55 [notice] 1#1: signal 29 (SIGIO) received
2022/12/05 19:42:55 [notice] 1#1: signal 17 (SIGCHLD) received from 39
2022/12/05 19:42:55 [notice] 1#1: worker process 39 exited with code 0
2022/12/05 19:42:55 [notice] 1#1: exit
2022/12/05 19:43:17 [notice] 1#1: using the "epoll" event method
2022/12/05 19:43:17 [notice] 1#1: nginx/1.23.2
2022/12/05 19:43:17 [notice] 1#1: built by gcc 11.2.1 20220219 (Alpine 11.2.1_git20220219) 
2022/12/05 19:43:17 [notice] 1#1: OS: Linux 5.13.0-52-generic
2022/12/05 19:43:17 [notice] 1#1: getrlimit(RLIMIT_NOFILE): 1048576:1048576
2022/12/05 19:43:17 [notice] 1#1: start worker processes
2022/12/05 19:43:17 [notice] 1#1: start worker process 29
2022/12/05 19:43:17 [notice] 1#1: start worker process 30
2022/12/05 19:43:17 [notice] 1#1: start worker process 31
2022/12/05 19:43:17 [notice] 1#1: start worker process 32
2022/12/05 19:43:17 [notice] 1#1: start worker process 33
2022/12/05 19:43:17 [notice] 1#1: start worker process 34
2022/12/05 19:43:17 [notice] 1#1: start worker process 35
2022/12/05 19:43:17 [notice] 1#1: start worker process 36
2022/12/05 19:43:17 [notice] 1#1: start worker process 37
2022/12/05 19:43:17 [notice] 1#1: start worker process 38
2022/12/05 19:43:17 [notice] 1#1: start worker process 39
2022/12/05 19:43:17 [notice] 1#1: start worker process 40
2022/12/05 19:44:09 [notice] 1#1: signal 3 (SIGQUIT) received, shutting down
2022/12/05 19:44:09 [notice] 29#29: gracefully shutting down
2022/12/05 19:44:09 [notice] 30#30: gracefully shutting down
2022/12/05 19:44:09 [notice] 32#32: gracefully shutting down
2022/12/05 19:44:09 [notice] 33#33: gracefully shutting down
2022/12/05 19:44:09 [notice] 31#31: gracefully shutting down
2022/12/05 19:44:09 [notice] 34#34: gracefully shutting down
2022/12/05 19:44:09 [notice] 35#35: gracefully shutting down
2022/12/05 19:44:09 [notice] 36#36: gracefully shutting down
2022/12/05 19:44:09 [notice] 32#32: exiting
2022/12/05 19:44:09 [notice] 33#33: exiting
2022/12/05 19:44:09 [notice] 39#39: gracefully shutting down
2022/12/05 19:44:09 [notice] 36#36: exiting
2022/12/05 19:44:09 [notice] 38#38: gracefully shutting down
2022/12/05 19:44:09 [notice] 37#37: gracefully shutting down
2022/12/05 19:44:09 [notice] 31#31: exiting
2022/12/05 19:44:09 [notice] 29#29: exiting
2022/12/05 19:44:09 [notice] 34#34: exiting
2022/12/05 19:44:09 [notice] 35#35: exiting
2022/12/05 19:44:09 [notice] 38#38: exiting
2022/12/05 19:44:09 [notice] 37#37: exiting
2022/12/05 19:44:09 [notice] 39#39: exiting
2022/12/05 19:44:09 [notice] 40#40: gracefully shutting down
2022/12/05 19:44:09 [notice] 40#40: exiting
2022/12/05 19:44:09 [notice] 36#36: exit
2022/12/05 19:44:09 [notice] 32#32: exit
2022/12/05 19:44:09 [notice] 33#33: exit
2022/12/05 19:44:09 [notice] 29#29: exit
2022/12/05 19:44:09 [notice] 37#37: exit
2022/12/05 19:44:09 [notice] 38#38: exit
2022/12/05 19:44:09 [notice] 31#31: exit
2022/12/05 19:44:09 [notice] 34#34: exit
2022/12/05 19:44:09 [notice] 35#35: exit
2022/12/05 19:44:09 [notice] 39#39: exit
2022/12/05 19:44:09 [notice] 40#40: exit
2022/12/05 19:44:09 [notice] 1#1: signal 17 (SIGCHLD) received from 36
2022/12/05 19:44:09 [notice] 1#1: worker process 36 exited with code 0
2022/12/05 19:44:09 [notice] 1#1: signal 29 (SIGIO) received
2022/12/05 19:44:09 [notice] 1#1: signal 17 (SIGCHLD) received from 37
2022/12/05 19:44:09 [notice] 1#1: worker process 37 exited with code 0
2022/12/05 19:44:09 [notice] 1#1: worker process 39 exited with code 0
2022/12/05 19:44:09 [notice] 1#1: worker process 40 exited with code 0
2022/12/05 19:44:09 [notice] 1#1: signal 29 (SIGIO) received
2022/12/05 19:44:09 [notice] 1#1: signal 17 (SIGCHLD) received from 40
2022/12/05 19:44:09 [notice] 1#1: signal 17 (SIGCHLD) received from 33
2022/12/05 19:44:09 [notice] 1#1: worker process 31 exited with code 0
2022/12/05 19:44:09 [notice] 1#1: worker process 33 exited with code 0
2022/12/05 19:44:09 [notice] 1#1: worker process 29 exited with code 0
2022/12/05 19:44:09 [notice] 1#1: worker process 35 exited with code 0
2022/12/05 19:44:09 [notice] 1#1: worker process 38 exited with code 0
2022/12/05 19:44:09 [notice] 1#1: signal 29 (SIGIO) received
2022/12/05 19:44:09 [notice] 1#1: signal 17 (SIGCHLD) received from 31
2022/12/05 19:44:09 [notice] 1#1: signal 17 (SIGCHLD) received from 34
2022/12/05 19:44:09 [notice] 1#1: worker process 34 exited with code 0
2022/12/05 19:44:09 [notice] 1#1: signal 29 (SIGIO) received
2022/12/05 19:44:09 [notice] 1#1: signal 17 (SIGCHLD) received from 32
2022/12/05 19:44:09 [notice] 1#1: worker process 32 exited with code 0
2022/12/05 19:44:09 [notice] 1#1: signal 29 (SIGIO) received
2022/12/05 19:44:58 [notice] 1#1: using the "epoll" event method
2022/12/05 19:44:58 [notice] 1#1: nginx/1.23.2
2022/12/05 19:44:58 [notice] 1#1: built by gcc 11.2.1 20220219 (Alpine 11.2.1_git20220219) 
2022/12/05 19:44:58 [notice] 1#1: OS: Linux 5.13.0-52-generic
2022/12/05 19:44:58 [notice] 1#1: getrlimit(RLIMIT_NOFILE): 1048576:1048576
2022/12/05 19:44:58 [notice] 1#1: start worker processes
2022/12/05 19:44:58 [notice] 1#1: start worker process 29
2022/12/05 19:44:58 [notice] 1#1: start worker process 30
2022/12/05 19:44:58 [notice] 1#1: start worker process 31
2022/12/05 19:44:58 [notice] 1#1: start worker process 32
2022/12/05 19:44:58 [notice] 1#1: start worker process 33
2022/12/05 19:44:58 [notice] 1#1: start worker process 34
2022/12/05 19:44:58 [notice] 1#1: start worker process 35
2022/12/05 19:44:58 [notice] 1#1: start worker process 36
2022/12/05 19:44:58 [notice] 1#1: start worker process 37
2022/12/05 19:44:58 [notice] 1#1: start worker process 38
2022/12/05 19:44:58 [notice] 1#1: start worker process 39
2022/12/05 19:44:58 [notice] 1#1: start worker process 40
2022/12/05 19:48:28 [notice] 1#1: signal 3 (SIGQUIT) received, shutting down
2022/12/05 19:48:28 [notice] 29#29: gracefully shutting down
2022/12/05 19:48:28 [notice] 30#30: gracefully shutting down
2022/12/05 19:48:28 [notice] 31#31: gracefully shutting down
2022/12/05 19:48:28 [notice] 29#29: exiting
2022/12/05 19:48:28 [notice] 32#32: gracefully shutting down
2022/12/05 19:48:28 [notice] 30#30: exiting
2022/12/05 19:48:28 [notice] 34#34: gracefully shutting down
2022/12/05 19:48:28 [notice] 31#31: exiting
2022/12/05 19:48:28 [notice] 33#33: gracefully shutting down
2022/12/05 19:48:28 [notice] 32#32: exiting
2022/12/05 19:48:28 [notice] 35#35: gracefully shutting down
2022/12/05 19:48:28 [notice] 34#34: exiting
2022/12/05 19:48:28 [notice] 39#39: gracefully shutting down
2022/12/05 19:48:28 [notice] 33#33: exiting
2022/12/05 19:48:28 [notice] 35#35: exiting
2022/12/05 19:48:28 [notice] 36#36: gracefully shutting down
2022/12/05 19:48:28 [notice] 39#39: exiting
2022/12/05 19:48:28 [notice] 36#36: exiting
2022/12/05 19:48:28 [notice] 29#29: exit
2022/12/05 19:48:28 [notice] 30#30: exit
2022/12/05 19:48:28 [notice] 31#31: exit
2022/12/05 19:48:28 [notice] 40#40: gracefully shutting down
2022/12/05 19:48:28 [notice] 40#40: exiting
2022/12/05 19:48:28 [notice] 34#34: exit
2022/12/05 19:48:28 [notice] 39#39: exit
2022/12/05 19:48:28 [notice] 32#32: exit
2022/12/05 19:48:28 [notice] 37#37: gracefully shutting down
2022/12/05 19:48:28 [notice] 33#33: exit
2022/12/05 19:48:28 [notice] 35#35: exit
2022/12/05 19:48:28 [notice] 37#37: exiting
2022/12/05 19:48:28 [notice] 36#36: exit
2022/12/05 19:48:28 [notice] 38#38: gracefully shutting down
2022/12/05 19:48:28 [notice] 40#40: exit
2022/12/05 19:48:28 [notice] 38#38: exiting
2022/12/05 19:48:28 [notice] 38#38: exit
2022/12/05 19:48:28 [notice] 37#37: exit
2022/12/05 19:48:28 [notice] 1#1: signal 17 (SIGCHLD) received from 36
2022/12/05 19:48:28 [notice] 1#1: worker process 36 exited with code 0
2022/12/05 19:48:28 [notice] 1#1: signal 29 (SIGIO) received
2022/12/05 19:48:28 [notice] 1#1: signal 17 (SIGCHLD) received from 40
2022/12/05 19:48:28 [notice] 1#1: worker process 39 exited with code 0
2022/12/05 19:48:28 [notice] 1#1: worker process 35 exited with code 0
2022/12/05 19:48:28 [notice] 1#1: worker process 40 exited with code 0
2022/12/05 19:48:28 [notice] 1#1: signal 29 (SIGIO) received
2022/12/05 19:48:28 [notice] 1#1: signal 17 (SIGCHLD) received from 39
2022/12/05 19:48:28 [notice] 1#1: worker process 29 exited with code 0
2022/12/05 19:48:28 [notice] 1#1: worker process 30 exited with code 0
2022/12/05 19:48:28 [notice] 1#1: worker process 31 exited with code 0
2022/12/05 19:48:28 [notice] 1#1: signal 29 (SIGIO) received
2022/12/05 19:48:28 [notice] 1#1: signal 17 (SIGCHLD) received from 31
2022/12/05 19:48:28 [notice] 1#1: signal 17 (SIGCHLD) received from 33
2022/12/05 19:48:28 [notice] 1#1: worker process 33 exited with code 0
2022/12/05 19:48:28 [notice] 1#1: signal 29 (SIGIO) received
2022/12/05 19:48:28 [notice] 1#1: signal 17 (SIGCHLD) received from 32
2022/12/05 19:48:28 [notice] 1#1: worker process 32 exited with code 0
2022/12/05 19:48:28 [notice] 1#1: signal 29 (SIGIO) received
2022/12/05 19:48:28 [notice] 1#1: signal 17 (SIGCHLD) received from 37
2022/12/05 19:48:28 [notice] 1#1: worker process 37 exited with code 0
2022/12/05 19:48:28 [notice] 1#1: signal 29 (SIGIO) received
2022/12/05 19:48:28 [notice] 1#1: signal 17 (SIGCHLD) received from 34
2022/12/05 19:48:28 [notice] 1#1: worker process 34 exited with code 0
2022/12/05 19:48:28 [notice] 1#1: signal 29 (SIGIO) received
2022/12/05 19:48:28 [notice] 1#1: signal 17 (SIGCHLD) received from 38
2022/12/05 19:48:28 [notice] 1#1: worker process 38 exited with code 0
2022/12/05 19:48:28 [notice] 1#1: exit
2022/12/05 19:50:33 [notice] 1#1: using the "epoll" event method
2022/12/05 19:50:33 [notice] 1#1: nginx/1.23.2
2022/12/05 19:50:33 [notice] 1#1: built by gcc 11.2.1 20220219 (Alpine 11.2.1_git20220219) 
2022/12/05 19:50:33 [notice] 1#1: OS: Linux 5.13.0-52-generic
2022/12/05 19:50:33 [notice] 1#1: getrlimit(RLIMIT_NOFILE): 1048576:1048576
2022/12/05 19:50:33 [notice] 1#1: start worker processes
2022/12/05 19:50:33 [notice] 1#1: start worker process 29
2022/12/05 19:50:33 [notice] 1#1: start worker process 30
2022/12/05 19:50:33 [notice] 1#1: start worker process 31
2022/12/05 19:50:33 [notice] 1#1: start worker process 32
2022/12/05 19:50:33 [notice] 1#1: start worker process 33
2022/12/05 19:50:33 [notice] 1#1: start worker process 34
2022/12/05 19:50:33 [notice] 1#1: start worker process 35
2022/12/05 19:50:33 [notice] 1#1: start worker process 36
2022/12/05 19:50:33 [notice] 1#1: start worker process 37
2022/12/05 19:50:33 [notice] 1#1: start worker process 38
2022/12/05 19:50:33 [notice] 1#1: start worker process 39
2022/12/05 19:50:33 [notice] 1#1: start worker process 40
2022/12/05 20:19:03 [notice] 1#1: signal 3 (SIGQUIT) received, shutting down
2022/12/05 20:19:03 [notice] 29#29: gracefully shutting down
2022/12/05 20:19:03 [notice] 30#30: gracefully shutting down
2022/12/05 20:19:03 [notice] 31#31: gracefully shutting down
2022/12/05 20:19:03 [notice] 32#32: gracefully shutting down
2022/12/05 20:19:03 [notice] 30#30: exiting
2022/12/05 20:19:03 [notice] 31#31: exiting
2022/12/05 20:19:03 [notice] 35#35: gracefully shutting down
2022/12/05 20:19:03 [notice] 32#32: exiting
2022/12/05 20:19:03 [notice] 34#34: gracefully shutting down
2022/12/05 20:19:03 [notice] 40#40: gracefully shutting down
2022/12/05 20:19:03 [notice] 37#37: gracefully shutting down
2022/12/05 20:19:03 [notice] 35#35: exiting
2022/12/05 20:19:03 [notice] 29#29: exiting
2022/12/05 20:19:03 [notice] 34#34: exiting
2022/12/05 20:19:03 [notice] 40#40: exiting
2022/12/05 20:19:03 [notice] 37#37: exiting
2022/12/05 20:19:03 [notice] 30#30: exit
2022/12/05 20:19:03 [notice] 32#32: exit
2022/12/05 20:19:03 [notice] 31#31: exit
2022/12/05 20:19:03 [notice] 29#29: exit
2022/12/05 20:19:03 [notice] 35#35: exit
2022/12/05 20:19:03 [notice] 40#40: exit
2022/12/05 20:19:03 [notice] 34#34: exit
2022/12/05 20:19:03 [notice] 37#37: exit
2022/12/05 20:19:03 [notice] 39#39: gracefully shutting down
2022/12/05 20:19:03 [notice] 36#36: gracefully shutting down
2022/12/05 20:19:03 [notice] 39#39: exiting
2022/12/05 20:19:03 [notice] 36#36: exiting
2022/12/05 20:19:03 [notice] 38#38: gracefully shutting down
2022/12/05 20:19:03 [notice] 38#38: exiting
2022/12/05 20:19:03 [notice] 36#36: exit
2022/12/05 20:19:03 [notice] 39#39: exit
2022/12/05 20:19:03 [notice] 33#33: gracefully shutting down
2022/12/05 20:19:03 [notice] 33#33: exiting
2022/12/05 20:19:03 [notice] 38#38: exit
2022/12/05 20:19:03 [notice] 33#33: exit
2022/12/05 20:19:03 [notice] 1#1: signal 17 (SIGCHLD) received from 39
2022/12/05 20:19:03 [notice] 1#1: worker process 29 exited with code 0
2022/12/05 20:19:03 [notice] 1#1: worker process 35 exited with code 0
2022/12/05 20:19:03 [notice] 1#1: worker process 39 exited with code 0
2022/12/05 20:19:03 [notice] 1#1: signal 29 (SIGIO) received
2022/12/05 20:19:03 [notice] 1#1: signal 17 (SIGCHLD) received from 35
2022/12/05 20:19:03 [notice] 1#1: signal 17 (SIGCHLD) received from 30
2022/12/05 20:19:03 [notice] 1#1: worker process 30 exited with code 0
2022/12/05 20:19:03 [notice] 1#1: worker process 31 exited with code 0
2022/12/05 20:19:03 [notice] 1#1: worker process 38 exited with code 0
2022/12/05 20:19:03 [notice] 1#1: signal 29 (SIGIO) received
2022/12/05 20:19:03 [notice] 1#1: signal 17 (SIGCHLD) received from 36
2022/12/05 20:19:03 [notice] 1#1: worker process 36 exited with code 0
2022/12/05 20:19:03 [notice] 1#1: signal 29 (SIGIO) received
2022/12/05 20:19:03 [notice] 1#1: signal 17 (SIGCHLD) received from 37
2022/12/05 20:19:03 [notice] 1#1: worker process 37 exited with code 0
2022/12/05 20:19:03 [notice] 1#1: signal 29 (SIGIO) received
2022/12/05 20:19:03 [notice] 1#1: signal 17 (SIGCHLD) received from 34
2022/12/05 20:19:03 [notice] 1#1: worker process 34 exited with code 0
2022/12/05 20:19:03 [notice] 1#1: signal 29 (SIGIO) received
2022/12/05 20:19:03 [notice] 1#1: signal 17 (SIGCHLD) received from 33
2022/12/05 20:19:03 [notice] 1#1: worker process 33 exited with code 0
2022/12/05 20:19:03 [notice] 1#1: signal 29 (SIGIO) received
2022/12/05 20:19:03 [notice] 1#1: signal 17 (SIGCHLD) received from 40
2022/12/05 20:19:03 [notice] 1#1: worker process 40 exited with code 0
2022/12/05 20:19:03 [notice] 1#1: signal 29 (SIGIO) received
2022/12/05 20:19:03 [notice] 1#1: signal 17 (SIGCHLD) received from 32
2022/12/05 20:19:03 [notice] 1#1: worker process 32 exited with code 0
2022/12/05 20:19:03 [notice] 1#1: exit
2022/12/05 20:21:16 [notice] 1#1: using the "epoll" event method
2022/12/05 20:21:16 [notice] 1#1: nginx/1.23.2
2022/12/05 20:21:16 [notice] 1#1: built by gcc 11.2.1 20220219 (Alpine 11.2.1_git20220219) 
2022/12/05 20:21:16 [notice] 1#1: OS: Linux 5.13.0-52-generic
2022/12/05 20:21:16 [notice] 1#1: getrlimit(RLIMIT_NOFILE): 1048576:1048576
2022/12/05 20:21:16 [notice] 1#1: start worker processes
2022/12/05 20:21:16 [notice] 1#1: start worker process 29
2022/12/05 20:21:16 [notice] 1#1: start worker process 30
2022/12/05 20:21:16 [notice] 1#1: start worker process 31
2022/12/05 20:21:16 [notice] 1#1: start worker process 32
2022/12/05 20:21:16 [notice] 1#1: start worker process 33
2022/12/05 20:21:16 [notice] 1#1: start worker process 34
2022/12/05 20:21:16 [notice] 1#1: start worker process 35
2022/12/05 20:21:16 [notice] 1#1: start worker process 36
2022/12/05 20:21:16 [notice] 1#1: start worker process 37
2022/12/05 20:21:16 [notice] 1#1: start worker process 38
2022/12/05 20:21:16 [notice] 1#1: start worker process 39
2022/12/05 20:21:16 [notice] 1#1: start worker process 40
2022/12/05 20:23:32 [notice] 1#1: signal 3 (SIGQUIT) received, shutting down
2022/12/05 20:23:32 [notice] 31#31: gracefully shutting down
2022/12/05 20:23:32 [notice] 32#32: gracefully shutting down
2022/12/05 20:23:32 [notice] 31#31: exiting
2022/12/05 20:23:32 [notice] 34#34: gracefully shutting down
2022/12/05 20:23:32 [notice] 29#29: gracefully shutting down
2022/12/05 20:23:32 [notice] 36#36: gracefully shutting down
2022/12/05 20:23:32 [notice] 32#32: exiting
2022/12/05 20:23:32 [notice] 34#34: exiting
2022/12/05 20:23:32 [notice] 29#29: exiting
2022/12/05 20:23:32 [notice] 36#36: exiting
2022/12/05 20:23:32 [notice] 31#31: exit
2022/12/05 20:23:32 [notice] 29#29: exit
2022/12/05 20:23:32 [notice] 34#34: exit
2022/12/05 20:23:32 [notice] 36#36: exit
2022/12/05 20:23:32 [notice] 32#32: exit
2022/12/05 20:23:32 [notice] 37#37: gracefully shutting down
2022/12/05 20:23:32 [notice] 35#35: gracefully shutting down
2022/12/05 20:23:32 [notice] 37#37: exiting
2022/12/05 20:23:32 [notice] 35#35: exiting
2022/12/05 20:23:32 [notice] 37#37: exit
2022/12/05 20:23:32 [notice] 35#35: exit
2022/12/05 20:23:32 [notice] 30#30: gracefully shutting down
2022/12/05 20:23:32 [notice] 30#30: exiting
2022/12/05 20:23:32 [notice] 30#30: exit
2022/12/05 20:23:32 [notice] 38#38: gracefully shutting down
2022/12/05 20:23:32 [notice] 38#38: exiting
2022/12/05 20:23:32 [notice] 39#39: gracefully shutting down
2022/12/05 20:23:32 [notice] 39#39: exiting
2022/12/05 20:23:32 [notice] 38#38: exit
2022/12/05 20:23:32 [notice] 33#33: gracefully shutting down
2022/12/05 20:23:32 [notice] 33#33: exiting
2022/12/05 20:23:32 [notice] 33#33: exit
2022/12/05 20:23:32 [notice] 40#40: gracefully shutting down
2022/12/05 20:23:32 [notice] 39#39: exit
2022/12/05 20:23:32 [notice] 40#40: exiting
2022/12/05 20:23:32 [notice] 40#40: exit
2022/12/05 20:23:32 [notice] 1#1: signal 17 (SIGCHLD) received from 36
2022/12/05 20:23:32 [notice] 1#1: worker process 32 exited with code 0
2022/12/05 20:23:32 [notice] 1#1: worker process 36 exited with code 0
2022/12/05 20:23:32 [notice] 1#1: signal 29 (SIGIO) received
2022/12/05 20:23:32 [notice] 1#1: signal 17 (SIGCHLD) received from 37
2022/12/05 20:23:32 [notice] 1#1: worker process 31 exited with code 0
2022/12/05 20:23:32 [notice] 1#1: worker process 37 exited with code 0
2022/12/05 20:23:32 [notice] 1#1: signal 29 (SIGIO) received
2022/12/05 20:23:32 [notice] 1#1: signal 17 (SIGCHLD) received from 39
2022/12/05 20:23:32 [notice] 1#1: worker process 39 exited with code 0
2022/12/05 20:23:32 [notice] 1#1: signal 29 (SIGIO) received
2022/12/05 20:23:32 [notice] 1#1: signal 17 (SIGCHLD) received from 34
2022/12/05 20:23:32 [notice] 1#1: worker process 34 exited with code 0
2022/12/05 20:23:32 [notice] 1#1: signal 29 (SIGIO) received
2022/12/05 20:23:32 [notice] 1#1: signal 17 (SIGCHLD) received from 38
2022/12/05 20:23:32 [notice] 1#1: worker process 38 exited with code 0
2022/12/05 20:23:32 [notice] 1#1: signal 29 (SIGIO) received
2022/12/05 20:23:32 [notice] 1#1: signal 17 (SIGCHLD) received from 29
2022/12/05 20:23:32 [notice] 1#1: worker process 29 exited with code 0
2022/12/05 20:23:32 [notice] 1#1: worker process 30 exited with code 0
2022/12/05 20:23:32 [notice] 1#1: worker process 33 exited with code 0
2022/12/05 20:23:32 [notice] 1#1: worker process 35 exited with code 0
2022/12/05 20:23:32 [notice] 1#1: signal 17 (SIGCHLD) received from 30
2022/12/05 20:23:32 [notice] 1#1: worker process 40 exited with code 0
2022/12/05 20:23:32 [notice] 1#1: exit
2022/12/05 20:24:02 [notice] 1#1: using the "epoll" event method
2022/12/05 20:24:02 [notice] 1#1: nginx/1.23.2
2022/12/05 20:24:02 [notice] 1#1: built by gcc 11.2.1 20220219 (Alpine 11.2.1_git20220219) 
2022/12/05 20:24:02 [notice] 1#1: OS: Linux 5.13.0-52-generic
2022/12/05 20:24:02 [notice] 1#1: getrlimit(RLIMIT_NOFILE): 1048576:1048576
2022/12/05 20:24:02 [notice] 1#1: start worker processes
2022/12/05 20:24:02 [notice] 1#1: start worker process 29
2022/12/05 20:24:02 [notice] 1#1: start worker process 30
2022/12/05 20:24:02 [notice] 1#1: start worker process 31
2022/12/05 20:24:02 [notice] 1#1: start worker process 32
2022/12/05 20:24:02 [notice] 1#1: start worker process 33
2022/12/05 20:24:02 [notice] 1#1: start worker process 34
2022/12/05 20:24:02 [notice] 1#1: start worker process 35
2022/12/05 20:24:02 [notice] 1#1: start worker process 36
2022/12/05 20:24:02 [notice] 1#1: start worker process 37
2022/12/05 20:24:02 [notice] 1#1: start worker process 38
2022/12/05 20:24:02 [notice] 1#1: start worker process 39
2022/12/05 20:24:02 [notice] 1#1: start worker process 40
2022/12/05 21:14:37 [notice] 1#1: signal 3 (SIGQUIT) received, shutting down
2022/12/05 21:14:37 [notice] 33#33: gracefully shutting down
2022/12/05 21:14:37 [notice] 29#29: gracefully shutting down
2022/12/05 21:14:37 [notice] 35#35: gracefully shutting down
2022/12/05 21:14:37 [notice] 31#31: gracefully shutting down
2022/12/05 21:14:37 [notice] 33#33: exiting
2022/12/05 21:14:37 [notice] 40#40: gracefully shutting down
2022/12/05 21:14:37 [notice] 38#38: gracefully shutting down
2022/12/05 21:14:37 [notice] 32#32: gracefully shutting down
2022/12/05 21:14:37 [notice] 29#29: exiting
2022/12/05 21:14:37 [notice] 35#35: exiting
2022/12/05 21:14:37 [notice] 34#34: gracefully shutting down
2022/12/05 21:14:37 [notice] 31#31: exiting
2022/12/05 21:14:37 [notice] 40#40: exiting
2022/12/05 21:14:37 [notice] 38#38: exiting
2022/12/05 21:14:37 [notice] 32#32: exiting
2022/12/05 21:14:37 [notice] 34#34: exiting
2022/12/05 21:14:37 [notice] 33#33: exit
2022/12/05 21:14:37 [notice] 37#37: gracefully shutting down
2022/12/05 21:14:37 [notice] 35#35: exit
2022/12/05 21:14:37 [notice] 30#30: gracefully shutting down
2022/12/05 21:14:37 [notice] 37#37: exiting
2022/12/05 21:14:37 [notice] 29#29: exit
2022/12/05 21:14:37 [notice] 40#40: exit
2022/12/05 21:14:37 [notice] 34#34: exit
2022/12/05 21:14:37 [notice] 36#36: gracefully shutting down
2022/12/05 21:14:37 [notice] 36#36: exiting
2022/12/05 21:14:37 [notice] 30#30: exiting
2022/12/05 21:14:37 [notice] 39#39: gracefully shutting down
2022/12/05 21:14:37 [notice] 39#39: exiting
2022/12/05 21:14:37 [notice] 36#36: exit
2022/12/05 21:14:37 [notice] 30#30: exit
2022/12/05 21:14:37 [notice] 39#39: exit
2022/12/05 21:14:37 [notice] 37#37: exit
2022/12/05 21:14:37 [notice] 31#31: exit
2022/12/05 21:14:37 [notice] 38#38: exit
2022/12/05 21:14:37 [notice] 32#32: exit
2022/12/05 21:14:37 [notice] 1#1: signal 17 (SIGCHLD) received from 32
2022/12/05 21:14:37 [notice] 1#1: worker process 32 exited with code 0
2022/12/05 21:14:37 [notice] 1#1: signal 29 (SIGIO) received
2022/12/05 21:14:37 [notice] 1#1: signal 17 (SIGCHLD) received from 36
2022/12/05 21:14:37 [notice] 1#1: worker process 36 exited with code 0
2022/12/05 21:14:37 [notice] 1#1: signal 29 (SIGIO) received
2022/12/05 21:14:37 [notice] 1#1: signal 17 (SIGCHLD) received from 37
2022/12/05 21:14:37 [notice] 1#1: worker process 37 exited with code 0
2022/12/05 21:14:37 [notice] 1#1: worker process 40 exited with code 0
2022/12/05 21:14:37 [notice] 1#1: signal 29 (SIGIO) received
2022/12/05 21:14:37 [notice] 1#1: signal 17 (SIGCHLD) received from 31
2022/12/05 21:14:37 [notice] 1#1: worker process 31 exited with code 0
2022/12/05 21:14:37 [notice] 1#1: worker process 35 exited with code 0
2022/12/05 21:14:37 [notice] 1#1: worker process 39 exited with code 0
2022/12/05 21:14:37 [notice] 1#1: signal 29 (SIGIO) received
2022/12/05 21:14:37 [notice] 1#1: signal 17 (SIGCHLD) received from 35
2022/12/05 21:14:37 [notice] 1#1: signal 17 (SIGCHLD) received from 30
2022/12/05 21:14:37 [notice] 1#1: worker process 30 exited with code 0
2022/12/05 21:14:37 [notice] 1#1: worker process 34 exited with code 0
2022/12/05 21:14:37 [notice] 1#1: worker process 38 exited with code 0
2022/12/05 21:14:37 [notice] 1#1: signal 29 (SIGIO) received
2022/12/05 21:14:37 [notice] 1#1: signal 17 (SIGCHLD) received from 34
2022/12/05 21:14:37 [notice] 1#1: signal 17 (SIGCHLD) received from 29
2022/12/05 21:14:37 [notice] 1#1: worker process 29 exited with code 0
2022/12/05 21:14:37 [notice] 1#1: signal 17 (SIGCHLD) received from 33
2022/12/05 21:14:37 [notice] 1#1: worker process 33 exited with code 0
2022/12/05 21:14:37 [notice] 1#1: exit
2022/12/05 21:14:43 [notice] 1#1: using the "epoll" event method
2022/12/05 21:14:43 [notice] 1#1: nginx/1.23.2
2022/12/05 21:14:43 [notice] 1#1: built by gcc 11.2.1 20220219 (Alpine 11.2.1_git20220219) 
2022/12/05 21:14:43 [notice] 1#1: OS: Linux 5.13.0-52-generic
2022/12/05 21:14:43 [notice] 1#1: getrlimit(RLIMIT_NOFILE): 1048576:1048576
2022/12/05 21:14:43 [notice] 1#1: start worker processes
2022/12/05 21:14:43 [notice] 1#1: start worker process 29
2022/12/05 21:14:43 [notice] 1#1: start worker process 30
2022/12/05 21:14:43 [notice] 1#1: start worker process 31
2022/12/05 21:14:43 [notice] 1#1: start worker process 32
2022/12/05 21:14:43 [notice] 1#1: start worker process 33
2022/12/05 21:14:43 [notice] 1#1: start worker process 34
2022/12/05 21:14:43 [notice] 1#1: start worker process 35
2022/12/05 21:14:43 [notice] 1#1: start worker process 36
2022/12/05 21:14:43 [notice] 1#1: start worker process 37
2022/12/05 21:14:43 [notice] 1#1: start worker process 38
2022/12/05 21:14:43 [notice] 1#1: start worker process 39
2022/12/05 21:14:43 [notice] 1#1: start worker process 40
2022/12/05 21:14:47 [notice] 1#1: signal 3 (SIGQUIT) received, shutting down
2022/12/05 21:14:47 [notice] 29#29: gracefully shutting down
2022/12/05 21:14:47 [notice] 33#33: gracefully shutting down
2022/12/05 21:14:47 [notice] 34#34: gracefully shutting down
2022/12/05 21:14:47 [notice] 35#35: gracefully shutting down
2022/12/05 21:14:47 [notice] 29#29: exiting
2022/12/05 21:14:47 [notice] 36#36: gracefully shutting down
2022/12/05 21:14:47 [notice] 33#33: exiting
2022/12/05 21:14:47 [notice] 34#34: exiting
2022/12/05 21:14:47 [notice] 32#32: gracefully shutting down
2022/12/05 21:14:47 [notice] 35#35: exiting
2022/12/05 21:14:47 [notice] 39#39: gracefully shutting down
2022/12/05 21:14:47 [notice] 36#36: exiting
2022/12/05 21:14:47 [notice] 32#32: exiting
2022/12/05 21:14:47 [notice] 39#39: exiting
2022/12/05 21:14:47 [notice] 29#29: exit
2022/12/05 21:14:47 [notice] 34#34: exit
2022/12/05 21:14:47 [notice] 35#35: exit
2022/12/05 21:14:47 [notice] 33#33: exit
2022/12/05 21:14:47 [notice] 32#32: exit
2022/12/05 21:14:47 [notice] 36#36: exit
2022/12/05 21:14:47 [notice] 39#39: exit
2022/12/05 21:14:47 [notice] 40#40: gracefully shutting down
2022/12/05 21:14:47 [notice] 40#40: exiting
2022/12/05 21:14:47 [notice] 31#31: gracefully shutting down
2022/12/05 21:14:47 [notice] 31#31: exiting
2022/12/05 21:14:47 [notice] 40#40: exit
2022/12/05 21:14:47 [notice] 31#31: exit
2022/12/05 21:14:47 [notice] 30#30: gracefully shutting down
2022/12/05 21:14:47 [notice] 30#30: exiting
2022/12/05 21:14:47 [notice] 30#30: exit
2022/12/05 21:14:47 [notice] 37#37: gracefully shutting down
2022/12/05 21:14:47 [notice] 37#37: exiting
2022/12/05 21:14:47 [notice] 37#37: exit
2022/12/05 21:14:47 [notice] 38#38: gracefully shutting down
2022/12/05 21:14:47 [notice] 38#38: exiting
2022/12/05 21:14:47 [notice] 38#38: exit
2022/12/05 21:14:47 [notice] 1#1: signal 17 (SIGCHLD) received from 39
2022/12/05 21:14:47 [notice] 1#1: worker process 31 exited with code 0
2022/12/05 21:14:47 [notice] 1#1: worker process 32 exited with code 0
2022/12/05 21:14:47 [notice] 1#1: worker process 37 exited with code 0
2022/12/05 21:14:47 [notice] 1#1: worker process 38 exited with code 0
2022/12/05 21:14:47 [notice] 1#1: worker process 39 exited with code 0
2022/12/05 21:14:47 [notice] 1#1: signal 29 (SIGIO) received
2022/12/05 21:14:47 [notice] 1#1: signal 17 (SIGCHLD) received from 31
2022/12/05 21:14:47 [notice] 1#1: worker process 40 exited with code 0
2022/12/05 21:14:47 [notice] 1#1: signal 29 (SIGIO) received
2022/12/05 21:14:47 [notice] 1#1: signal 17 (SIGCHLD) received from 33
2022/12/05 21:14:47 [notice] 1#1: worker process 29 exited with code 0
2022/12/05 21:14:47 [notice] 1#1: worker process 30 exited with code 0
2022/12/05 21:14:47 [notice] 1#1: worker process 33 exited with code 0
2022/12/05 21:14:47 [notice] 1#1: worker process 34 exited with code 0
2022/12/05 21:14:47 [notice] 1#1: worker process 35 exited with code 0
2022/12/05 21:14:47 [notice] 1#1: worker process 36 exited with code 0
2022/12/05 21:14:47 [notice] 1#1: exit
2022/12/05 21:15:08 [notice] 1#1: using the "epoll" event method
2022/12/05 21:15:08 [notice] 1#1: nginx/1.23.2
2022/12/05 21:15:08 [notice] 1#1: built by gcc 11.2.1 20220219 (Alpine 11.2.1_git20220219) 
2022/12/05 21:15:08 [notice] 1#1: OS: Linux 5.13.0-52-generic
2022/12/05 21:15:08 [notice] 1#1: getrlimit(RLIMIT_NOFILE): 1048576:1048576
2022/12/05 21:15:08 [notice] 1#1: start worker processes
2022/12/05 21:15:08 [notice] 1#1: start worker process 29
2022/12/05 21:15:08 [notice] 1#1: start worker process 30
2022/12/05 21:15:08 [notice] 1#1: start worker process 31
2022/12/05 21:15:08 [notice] 1#1: start worker process 32
2022/12/05 21:15:08 [notice] 1#1: start worker process 33
2022/12/05 21:15:08 [notice] 1#1: start worker process 34
2022/12/05 21:15:08 [notice] 1#1: start worker process 35
2022/12/05 21:15:08 [notice] 1#1: start worker process 36
2022/12/05 21:15:08 [notice] 1#1: start worker process 37
2022/12/05 21:15:08 [notice] 1#1: start worker process 38
2022/12/05 21:15:08 [notice] 1#1: start worker process 39
2022/12/05 21:15:08 [notice] 1#1: start worker process 40
2022/12/05 21:24:06 [notice] 1#1: signal 3 (SIGQUIT) received, shutting down
2022/12/05 21:24:06 [notice] 30#30: gracefully shutting down
2022/12/05 21:24:06 [notice] 29#29: gracefully shutting down
2022/12/05 21:24:06 [notice] 29#29: exiting
2022/12/05 21:24:06 [notice] 30#30: exiting
2022/12/05 21:24:06 [notice] 29#29: exit
2022/12/05 21:24:06 [notice] 30#30: exit
2022/12/05 21:24:06 [notice] 31#31: gracefully shutting down
2022/12/05 21:24:06 [notice] 31#31: exiting
2022/12/05 21:24:06 [notice] 36#36: gracefully shutting down
2022/12/05 21:24:06 [notice] 31#31: exit
2022/12/05 21:24:06 [notice] 36#36: exiting
2022/12/05 21:24:06 [notice] 36#36: exit
2022/12/05 21:24:06 [notice] 38#38: gracefully shutting down
2022/12/05 21:24:06 [notice] 38#38: exiting
2022/12/05 21:24:06 [notice] 38#38: exit
2022/12/05 21:24:06 [notice] 32#32: gracefully shutting down
2022/12/05 21:24:06 [notice] 32#32: exiting
2022/12/05 21:24:06 [notice] 32#32: exit
2022/12/05 21:24:06 [notice] 39#39: gracefully shutting down
2022/12/05 21:24:06 [notice] 39#39: exiting
2022/12/05 21:24:06 [notice] 39#39: exit
2022/12/05 21:24:06 [notice] 34#34: gracefully shutting down
2022/12/05 21:24:06 [notice] 34#34: exiting
2022/12/05 21:24:06 [notice] 34#34: exit
2022/12/05 21:24:06 [notice] 40#40: gracefully shutting down
2022/12/05 21:24:06 [notice] 40#40: exiting
2022/12/05 21:24:06 [notice] 40#40: exit
2022/12/05 21:24:06 [notice] 35#35: gracefully shutting down
2022/12/05 21:24:06 [notice] 35#35: exiting
2022/12/05 21:24:06 [notice] 35#35: exit
2022/12/05 21:24:06 [notice] 37#37: gracefully shutting down
2022/12/05 21:24:06 [notice] 37#37: exiting
2022/12/05 21:24:06 [notice] 37#37: exit
2022/12/05 21:24:06 [notice] 33#33: gracefully shutting down
2022/12/05 21:24:06 [notice] 33#33: exiting
2022/12/05 21:24:06 [notice] 33#33: exit
2022/12/05 21:24:06 [notice] 1#1: signal 17 (SIGCHLD) received from 39
2022/12/05 21:24:06 [notice] 1#1: worker process 29 exited with code 0
2022/12/05 21:24:06 [notice] 1#1: worker process 30 exited with code 0
2022/12/05 21:24:06 [notice] 1#1: worker process 31 exited with code 0
2022/12/05 21:24:06 [notice] 1#1: worker process 38 exited with code 0
2022/12/05 21:24:06 [notice] 1#1: worker process 39 exited with code 0
2022/12/05 21:24:06 [notice] 1#1: signal 29 (SIGIO) received
2022/12/05 21:24:06 [notice] 1#1: signal 17 (SIGCHLD) received from 31
2022/12/05 21:24:06 [notice] 1#1: signal 17 (SIGCHLD) received from 36
2022/12/05 21:24:06 [notice] 1#1: worker process 32 exited with code 0
2022/12/05 21:24:06 [notice] 1#1: worker process 36 exited with code 0
2022/12/05 21:24:06 [notice] 1#1: signal 29 (SIGIO) received
2022/12/05 21:24:06 [notice] 1#1: signal 17 (SIGCHLD) received from 32
2022/12/05 21:24:06 [notice] 1#1: signal 17 (SIGCHLD) received from 40
2022/12/05 21:24:06 [notice] 1#1: worker process 35 exited with code 0
2022/12/05 21:24:06 [notice] 1#1: worker process 40 exited with code 0
2022/12/05 21:24:06 [notice] 1#1: signal 29 (SIGIO) received
2022/12/05 21:24:06 [notice] 1#1: signal 17 (SIGCHLD) received from 33
2022/12/05 21:24:06 [notice] 1#1: worker process 33 exited with code 0
2022/12/05 21:24:06 [notice] 1#1: worker process 34 exited with code 0
2022/12/05 21:24:06 [notice] 1#1: signal 29 (SIGIO) received
2022/12/05 21:24:06 [notice] 1#1: signal 17 (SIGCHLD) received from 37
2022/12/05 21:24:06 [notice] 1#1: worker process 37 exited with code 0
2022/12/05 21:24:06 [notice] 1#1: exit
2022/12/05 21:24:19 [notice] 1#1: using the "epoll" event method
2022/12/05 21:24:19 [notice] 1#1: nginx/1.23.2
2022/12/05 21:24:19 [notice] 1#1: built by gcc 11.2.1 20220219 (Alpine 11.2.1_git20220219) 
2022/12/05 21:24:19 [notice] 1#1: OS: Linux 5.13.0-52-generic
2022/12/05 21:24:19 [notice] 1#1: getrlimit(RLIMIT_NOFILE): 1048576:1048576
2022/12/05 21:24:19 [notice] 1#1: start worker processes
2022/12/05 21:24:19 [notice] 1#1: start worker process 29
2022/12/05 21:24:19 [notice] 1#1: start worker process 30
2022/12/05 21:24:19 [notice] 1#1: start worker process 31
2022/12/05 21:24:19 [notice] 1#1: start worker process 32
2022/12/05 21:24:19 [notice] 1#1: start worker process 33
2022/12/05 21:24:19 [notice] 1#1: start worker process 34
2022/12/05 21:24:19 [notice] 1#1: start worker process 35
2022/12/05 21:24:19 [notice] 1#1: start worker process 36
2022/12/05 21:24:19 [notice] 1#1: start worker process 37
2022/12/05 21:24:19 [notice] 1#1: start worker process 38
2022/12/05 21:24:19 [notice] 1#1: start worker process 39
2022/12/05 21:24:19 [notice] 1#1: start worker process 40
2022/12/05 21:34:59 [notice] 1#1: signal 3 (SIGQUIT) received, shutting down
2022/12/05 21:34:59 [notice] 29#29: gracefully shutting down
2022/12/05 21:34:59 [notice] 30#30: gracefully shutting down
2022/12/05 21:34:59 [notice] 32#32: gracefully shutting down
2022/12/05 21:34:59 [notice] 33#33: gracefully shutting down
2022/12/05 21:34:59 [notice] 29#29: exiting
2022/12/05 21:34:59 [notice] 36#36: gracefully shutting down
2022/12/05 21:34:59 [notice] 35#35: gracefully shutting down
2022/12/05 21:34:59 [notice] 30#30: exiting
2022/12/05 21:34:59 [notice] 32#32: exiting
2022/12/05 21:34:59 [notice] 33#33: exiting
2022/12/05 21:34:59 [notice] 37#37: gracefully shutting down
2022/12/05 21:34:59 [notice] 34#34: gracefully shutting down
2022/12/05 21:34:59 [notice] 36#36: exiting
2022/12/05 21:34:59 [notice] 39#39: gracefully shutting down
2022/12/05 21:34:59 [notice] 35#35: exiting
2022/12/05 21:34:59 [notice] 38#38: gracefully shutting down
2022/12/05 21:34:59 [notice] 37#37: exiting
2022/12/05 21:34:59 [notice] 34#34: exiting
2022/12/05 21:34:59 [notice] 39#39: exiting
2022/12/05 21:34:59 [notice] 38#38: exiting
2022/12/05 21:34:59 [notice] 33#33: exit
2022/12/05 21:34:59 [notice] 29#29: exit
2022/12/05 21:34:59 [notice] 35#35: exit
2022/12/05 21:34:59 [notice] 30#30: exit
2022/12/05 21:34:59 [notice] 36#36: exit
2022/12/05 21:34:59 [notice] 32#32: exit
2022/12/05 21:34:59 [notice] 34#34: exit
2022/12/05 21:34:59 [notice] 39#39: exit
2022/12/05 21:34:59 [notice] 37#37: exit
2022/12/05 21:34:59 [notice] 38#38: exit
2022/12/05 21:34:59 [notice] 31#31: gracefully shutting down
2022/12/05 21:34:59 [notice] 31#31: exiting
2022/12/05 21:34:59 [notice] 40#40: gracefully shutting down
2022/12/05 21:34:59 [notice] 40#40: exiting
2022/12/05 21:34:59 [notice] 31#31: exit
2022/12/05 21:34:59 [notice] 40#40: exit
2022/12/05 21:34:59 [notice] 1#1: signal 17 (SIGCHLD) received from 34
2022/12/05 21:34:59 [notice] 1#1: worker process 34 exited with code 0
2022/12/05 21:34:59 [notice] 1#1: worker process 37 exited with code 0
2022/12/05 21:34:59 [notice] 1#1: worker process 38 exited with code 0
2022/12/05 21:34:59 [notice] 1#1: signal 29 (SIGIO) received
2022/12/05 21:34:59 [notice] 1#1: signal 17 (SIGCHLD) received from 38
2022/12/05 21:34:59 [notice] 1#1: signal 17 (SIGCHLD) received from 40
2022/12/05 21:34:59 [notice] 1#1: worker process 40 exited with code 0
2022/12/05 21:34:59 [notice] 1#1: signal 29 (SIGIO) received
2022/12/05 21:34:59 [notice] 1#1: signal 17 (SIGCHLD) received from 30
2022/12/05 21:34:59 [notice] 1#1: worker process 30 exited with code 0
2022/12/05 21:34:59 [notice] 1#1: worker process 35 exited with code 0
2022/12/05 21:34:59 [notice] 1#1: signal 29 (SIGIO) received
2022/12/05 21:34:59 [notice] 1#1: signal 17 (SIGCHLD) received from 35
2022/12/05 21:34:59 [notice] 1#1: worker process 29 exited with code 0
2022/12/05 21:34:59 [notice] 1#1: worker process 32 exited with code 0
2022/12/05 21:34:59 [notice] 1#1: worker process 33 exited with code 0
2022/12/05 21:34:59 [notice] 1#1: worker process 36 exited with code 0
2022/12/05 21:34:59 [notice] 1#1: worker process 39 exited with code 0
2022/12/05 21:34:59 [notice] 1#1: signal 29 (SIGIO) received
2022/12/05 21:34:59 [notice] 1#1: signal 17 (SIGCHLD) received from 39
2022/12/05 21:34:59 [notice] 1#1: signal 17 (SIGCHLD) received from 31
2022/12/05 21:34:59 [notice] 1#1: worker process 31 exited with code 0
2022/12/05 21:34:59 [notice] 1#1: exit
